
----------------------------------------------------------------------------
--                            Design Analysis                             --
----------------------------------------------------------------------------
Analyze pcore zed_pmod_io ...


----------------------------------------------------------------------------
--                            Design Analysis                             --
----------------------------------------------------------------------------
Analyze pcore zed_pmod_io ...


----------------------------------------------------------------------------
--                            File Generation                             --
----------------------------------------------------------------------------
Creating HDL source directory ...
Generating top peripheral VHDL template ...
Generating stub user logic VHDL template ...
HDL templates successfully generated ...
Creating data directory ...
Generating XPS inteface files ...
Compiling vhdl file
"C:/Xilinx/14.4/ISE_DS/EDK/hw/XilinxProcessorIPLib/pcores/proc_common_v3_00_a/hd
l/vhdl/proc_common_pkg.vhd" in Library proc_common_v3_00_a.
Package <proc_common_pkg> compiled.
Package body <proc_common_pkg> compiled.
Compiling vhdl file
"C:/Xilinx/14.4/ISE_DS/EDK/hw/XilinxProcessorIPLib/pcores/proc_common_v3_00_a/hd
l/vhdl/family_support.vhd" in Library proc_common_v3_00_a.
Package <family_support> compiled.
Package body <family_support> compiled.
Compiling vhdl file
"C:/Xilinx/14.4/ISE_DS/EDK/hw/XilinxProcessorIPLib/pcores/proc_common_v3_00_a/hd
l/vhdl/or_muxcy.vhd" in Library proc_common_v3_00_a.
Entity <or_muxcy> compiled.
Entity <or_muxcy> (Architecture <implementation>) compiled.
Compiling vhdl file
"C:/Xilinx/14.4/ISE_DS/EDK/hw/XilinxProcessorIPLib/pcores/proc_common_v3_00_a/hd
l/vhdl/or_gate128.vhd" in Library proc_common_v3_00_a.
Entity <or_gate128> compiled.
Entity <or_gate128> (Architecture <imp>) compiled.
Compiling vhdl file
"C:/Xilinx/14.4/ISE_DS/EDK/hw/XilinxProcessorIPLib/pcores/proc_common_v3_00_a/hd
l/vhdl/counter_f.vhd" in Library proc_common_v3_00_a.
Entity <counter_f> compiled.
Entity <counter_f> (Architecture <imp>) compiled.
Compiling vhdl file
"C:/Xilinx/14.4/ISE_DS/EDK/hw/XilinxProcessorIPLib/pcores/proc_common_v3_00_a/hd
l/vhdl/pselect_f.vhd" in Library proc_common_v3_00_a.
Entity <pselect_f> compiled.
Entity <pselect_f> (Architecture <imp>) compiled.
Compiling vhdl file
"C:/Xilinx/14.4/ISE_DS/EDK/hw/XilinxProcessorIPLib/pcores/proc_common_v3_00_a/hd
l/vhdl/ipif_pkg.vhd" in Library proc_common_v3_00_a.
Package <ipif_pkg> compiled.
Package body <ipif_pkg> compiled.
Compiling vhdl file
"C:/Xilinx/14.4/ISE_DS/EDK/hw/XilinxProcessorIPLib/pcores/axi_lite_ipif_v1_01_a/
hdl/vhdl/address_decoder.vhd" in Library axi_lite_ipif_v1_01_a.
Entity <address_decoder> compiled.
Entity <address_decoder> (Architecture <IMP>) compiled.
Compiling vhdl file
"C:/Xilinx/14.4/ISE_DS/EDK/hw/XilinxProcessorIPLib/pcores/axi_lite_ipif_v1_01_a/
hdl/vhdl/slave_attachment.vhd" in Library axi_lite_ipif_v1_01_a.
Entity <slave_attachment> compiled.
Entity <slave_attachment> (Architecture <imp>) compiled.
Compiling vhdl file
"C:/Xilinx/14.4/ISE_DS/EDK/hw/XilinxProcessorIPLib/pcores/axi_lite_ipif_v1_01_a/
hdl/vhdl/axi_lite_ipif.vhd" in Library axi_lite_ipif_v1_01_a.
Entity <axi_lite_ipif> compiled.
Entity <axi_lite_ipif> (Architecture <imp>) compiled.
Compiling vhdl file
"C:/Xilinx/projects/eth_2_io/eth_2_io.srcs/sources_1/edk/zynq_ps/pcores/zed_pmod
_io_v1_00_a/data/../hdl/vhdl/user_logic.vhd" in Library zed_pmod_io_v1_00_a.
Entity <user_logic> compiled.
Entity <user_logic> (Architecture <IMP>) compiled.
Compiling vhdl file
"C:/Xilinx/projects/eth_2_io/eth_2_io.srcs/sources_1/edk/zynq_ps/pcores/zed_pmod
_io_v1_00_a/data/../hdl/vhdl/zed_pmod_io.vhd" in Library zed_pmod_io_v1_00_a.
Entity <zed_pmod_io> compiled.
Entity <zed_pmod_io> (Architecture <IMP>) compiled.


Analyzing HDL attributes ...
Entity name = zed_pmod_io
INFO:EDK:1607 - IPTYPE set to value : PERIPHERAL
INFO:EDK:1511 - IMP_NETLIST set to value : TRUE
INFO:EDK:1486 - HDL set to value : VHDL
WARNING:EDK:3588 - Unable to delete temporary XST project file
   C:\Xilinx\projects\eth_2_io\eth_2_io.srcs\sources_1\edk\zynq_ps\pcores\zed_pm
   od_io_v1_00_a\data\_zed_pmod_io_xst.prj : 13
XPS interface files successfully generated ...
Creating development directory ...
Generating command option file ...
Generating readme file ...
Development misc files successfully generated ...
Creating projnav directory ...
Generating ProjNav support files ...
ProjNav support files successfully generated ...
Creating synthesis directory ...
Generating XST synthesis support files ...
XST synthesis support files successfully generated ...
No BFM simulation files will be generated at this time ...
Creating software driver data directory ...
Generating software driver XPS interface (mdd/tcl) files ...
Software driver data definition file (.mdd) successfully generated ...
Software driver data generation file (.tcl) successfully generated ...
Creating software driver src directory ...
Generating software driver template files ...
Software driver compile file (Makefile) successfully generated ...
output user slave register(s) offset to software driver header ...
Software driver header file (.h) successfully generated ...
Software driver source file (.c) successfully generated ...
Software driver SelfTest file (.c) successfully generated ...
Software driver template files successfully generated ...

----------------------------------------------------------------------------
--                              Final Report                              --
----------------------------------------------------------------------------
Thank you for using Create and Import Peripheral Wizard! Please find your
peripheral hardware templates under
C:\Xilinx\projects\eth_2_io\eth_2_io.srcs\sources_1\edk\zynq_ps/pcores/zed_pmod_
io_v1_00_a and peripheral software templates under
C:\Xilinx\projects\eth_2_io\eth_2_io.srcs\sources_1\edk\zynq_ps/drivers/zed_pmod
_io_v1_00_a respectively.

Peripheral Summary:

  top name       : zed_pmod_io
  version        : 1.00.a
  type           : AXI4LITE slave
  features       : slave attachment
                   user s/w registers

Address Block Summary:

  user logic slv : C_BASEADDR + 0x00000000
                 : C_BASEADDR + 0x000000FF

File Summary

  - HDL source -
C:\Xilinx\projects\eth_2_io\eth_2_io.srcs\sources_1\edk\zynq_ps/pcores/zed_pmod_
io_v1_00_a/hdl
  top entity     : vhdl/zed_pmod_io.vhd
  user logic     : vhdl/user_logic.vhd

  - XPS interface -
C:\Xilinx\projects\eth_2_io\eth_2_io.srcs\sources_1\edk\zynq_ps/pcores/zed_pmod_
io_v1_00_a/data
  mpd            : zed_pmod_io_v2_1_0.mpd
  pao            : zed_pmod_io_v2_1_0.pao

  - ISE project -
C:\Xilinx\projects\eth_2_io\eth_2_io.srcs\sources_1\edk\zynq_ps/pcores/zed_pmod_
io_v1_00_a/devl/projnav
  ise project    : zed_pmod_io.xise
  tcl script     : zed_pmod_io.tcl


  - XST synthesis -
C:\Xilinx\projects\eth_2_io\eth_2_io.srcs\sources_1\edk\zynq_ps/pcores/zed_pmod_
io_v1_00_a/devl/synthesis
  xst script     : zed_pmod_io_xst.scr
  xst project    : zed_pmod_io_xst.prj

  - Misc file -
C:\Xilinx\projects\eth_2_io\eth_2_io.srcs\sources_1\edk\zynq_ps/pcores/zed_pmod_
io_v1_00_a/devl
  help           : README.txt
  option         : ipwiz.opt
  log            : ipwiz.log

  - Driver source -
C:\Xilinx\projects\eth_2_io\eth_2_io.srcs\sources_1\edk\zynq_ps/drivers/zed_pmod
_io_v1_00_a/src
  makefile       : Makefile
  header         : zed_pmod_io.h
  source         : zed_pmod_io.c
  selftest       : zed_pmod_io_selftest.c

  - Driver interface -
C:\Xilinx\projects\eth_2_io\eth_2_io.srcs\sources_1\edk\zynq_ps/drivers/zed_pmod
_io_v1_00_a/data
  mdd            : zed_pmod_io_v2_1_0.mdd
  tcl            : zed_pmod_io_v2_1_0.tcl


